[2024-07-08 10:46:31,957: INFO: main: >>>>> stage Data Ingestion stage started <<<<<]
[2024-07-08 10:46:31,989: INFO: common: yaml file: config\config.yaml loaded successfully]
[2024-07-08 10:46:31,989: INFO: common: yaml file: params.yaml loaded successfully]
[2024-07-08 10:46:31,989: INFO: common: yaml file: schema.yaml loaded successfully]
[2024-07-08 10:46:31,989: INFO: common: created directory at: artifacts]
[2024-07-08 10:46:32,015: INFO: common: created directory at: artifacts/data_ingestion]
[2024-07-08 10:46:32,023: INFO: data_ingestion: File already exists of size: ~ 23 KB]
[2024-07-08 10:46:32,043: INFO: main: >>>>> stage Data Ingestion stage completed <<<<<

x==========x]
[2024-07-08 10:50:32,062: INFO: main: >>>>> stage Data Ingestion stage started <<<<<]
[2024-07-08 10:50:32,062: INFO: common: yaml file: config\config.yaml loaded successfully]
[2024-07-08 10:50:32,062: INFO: common: yaml file: params.yaml loaded successfully]
[2024-07-08 10:50:32,062: INFO: common: yaml file: schema.yaml loaded successfully]
[2024-07-08 10:50:32,062: INFO: common: created directory at: artifacts]
[2024-07-08 10:50:32,062: INFO: common: created directory at: artifacts/data_ingestion]
[2024-07-08 10:50:32,062: INFO: data_ingestion: File already exists of size: ~ 23 KB]
[2024-07-08 10:50:32,077: INFO: main: >>>>> stage Data Ingestion stage completed <<<<<

x==========x]
[2024-07-08 13:12:11,633: INFO: common: yaml file: config\config.yaml loaded successfully]
[2024-07-08 13:12:11,641: INFO: common: yaml file: params.yaml loaded successfully]
[2024-07-08 13:12:11,654: INFO: common: yaml file: schema.yaml loaded successfully]
[2024-07-08 13:12:11,695: INFO: common: created directory at: artifacts]
[2024-07-08 13:21:25,825: INFO: common: yaml file: config\config.yaml loaded successfully]
[2024-07-08 13:21:25,825: INFO: common: yaml file: params.yaml loaded successfully]
[2024-07-08 13:21:25,833: INFO: common: yaml file: schema.yaml loaded successfully]
[2024-07-08 13:21:25,841: INFO: common: created directory at: artifacts]
[2024-07-08 13:21:25,841: INFO: common: created directory at: artifacts/data_validation]
[2024-07-08 14:27:47,699: INFO: main: >>>>> stage Data Ingestion stage started <<<<<]
[2024-07-08 14:27:47,716: INFO: common: yaml file: config\config.yaml loaded successfully]
[2024-07-08 14:27:47,717: INFO: common: yaml file: params.yaml loaded successfully]
[2024-07-08 14:27:47,749: INFO: common: yaml file: schema.yaml loaded successfully]
[2024-07-08 14:27:47,749: INFO: common: created directory at: artifacts]
[2024-07-08 14:27:47,757: INFO: common: created directory at: artifacts/data_ingestion]
[2024-07-08 14:27:51,232: INFO: data_ingestion: artifacts/data_ingestion/data.zip download! with following info: 
Connection: close
Content-Length: 23329
Cache-Control: max-age=300
Content-Security-Policy: default-src 'none'; style-src 'unsafe-inline'; sandbox
Content-Type: application/zip
ETag: "c69888a4ae59bc5a893392785a938ccd4937981c06ba8a9d6a21aa52b4ab5b6e"
Strict-Transport-Security: max-age=31536000
X-Content-Type-Options: nosniff
X-Frame-Options: deny
X-XSS-Protection: 1; mode=block
X-GitHub-Request-Id: 97C5:D88C7:1DC460:299034:668BAA10
Accept-Ranges: bytes
Date: Mon, 08 Jul 2024 08:57:52 GMT
Via: 1.1 varnish
X-Served-By: cache-hyd1100025-HYD
X-Cache: MISS
X-Cache-Hits: 0
X-Timer: S1720429072.052713,VS0,VE329
Vary: Authorization,Accept-Encoding,Origin
Access-Control-Allow-Origin: *
Cross-Origin-Resource-Policy: cross-origin
X-Fastly-Request-ID: 78a6f523551782e63ad0472c6d675432e5b86a89
Expires: Mon, 08 Jul 2024 09:02:52 GMT
Source-Age: 0

]
[2024-07-08 14:27:51,628: INFO: main: >>>>> stage Data Ingestion stage completed <<<<<

x==========x]
[2024-07-08 14:29:45,702: INFO: main: >>>>> stage Data Ingestion stage started <<<<<]
[2024-07-08 14:29:45,704: INFO: common: yaml file: config\config.yaml loaded successfully]
[2024-07-08 14:29:45,705: INFO: common: yaml file: params.yaml loaded successfully]
[2024-07-08 14:29:45,708: INFO: common: yaml file: schema.yaml loaded successfully]
[2024-07-08 14:29:45,709: INFO: common: created directory at: artifacts]
[2024-07-08 14:29:45,709: INFO: common: created directory at: artifacts/data_ingestion]
[2024-07-08 14:29:45,710: INFO: data_ingestion: File already exists of size: ~ 23 KB]
[2024-07-08 14:29:46,209: INFO: main: >>>>> stage Data Ingestion stage completed <<<<<

x==========x]
[2024-07-08 14:29:46,209: INFO: main: >>>>> stage Data Validation stage started <<<<<]
[2024-07-08 14:29:46,210: ERROR: main: main() takes 0 positional arguments but 1 was given]
Traceback (most recent call last):
  File "main.py", line 22, in <module>
    data_ingestion.main()
TypeError: main() takes 0 positional arguments but 1 was given
[2024-07-08 14:32:22,016: INFO: main: >>>>> stage Data Ingestion stage started <<<<<]
[2024-07-08 14:32:22,048: INFO: common: yaml file: config\config.yaml loaded successfully]
[2024-07-08 14:32:22,053: INFO: common: yaml file: params.yaml loaded successfully]
[2024-07-08 14:32:22,068: INFO: common: yaml file: schema.yaml loaded successfully]
[2024-07-08 14:32:22,070: INFO: common: created directory at: artifacts]
[2024-07-08 14:32:22,070: INFO: common: created directory at: artifacts/data_ingestion]
[2024-07-08 14:32:22,070: INFO: data_ingestion: File already exists of size: ~ 23 KB]
[2024-07-08 14:32:22,103: INFO: main: >>>>> stage Data Ingestion stage completed <<<<<

x==========x]
[2024-07-08 14:32:22,103: INFO: main: >>>>> stage Data Validation stage started <<<<<]
[2024-07-08 14:32:22,103: ERROR: main: main() takes 0 positional arguments but 1 was given]
Traceback (most recent call last):
  File "main.py", line 22, in <module>
    data_validation.main()
TypeError: main() takes 0 positional arguments but 1 was given
[2024-07-08 15:33:21,392: INFO: main: >>>>> stage Data Ingestion stage started <<<<<]
[2024-07-08 15:33:21,432: INFO: common: yaml file: config\config.yaml loaded successfully]
[2024-07-08 15:33:21,432: INFO: common: yaml file: params.yaml loaded successfully]
[2024-07-08 15:33:21,442: INFO: common: yaml file: schema.yaml loaded successfully]
[2024-07-08 15:33:21,442: INFO: common: created directory at: artifacts]
[2024-07-08 15:33:21,443: INFO: common: created directory at: artifacts/data_ingestion]
[2024-07-08 15:33:21,444: INFO: data_ingestion: File already exists of size: ~ 23 KB]
[2024-07-08 15:33:22,365: INFO: main: >>>>> stage Data Ingestion stage completed <<<<<

x==========x]
[2024-07-08 15:33:22,365: INFO: main: >>>>> stage Data Validation stage started <<<<<]
[2024-07-08 15:33:22,365: ERROR: main: main() takes 0 positional arguments but 1 was given]
Traceback (most recent call last):
  File "main.py", line 22, in <module>
    data_validation.main()
TypeError: main() takes 0 positional arguments but 1 was given
[2024-07-08 15:43:27,285: INFO: main: >>>>> stage Data Ingestion stage started <<<<<]
[2024-07-08 15:43:27,303: INFO: common: yaml file: config\config.yaml loaded successfully]
[2024-07-08 15:43:27,307: INFO: common: yaml file: params.yaml loaded successfully]
[2024-07-08 15:43:27,315: INFO: common: yaml file: schema.yaml loaded successfully]
[2024-07-08 15:43:27,317: INFO: common: created directory at: artifacts]
[2024-07-08 15:43:27,318: INFO: common: created directory at: artifacts/data_ingestion]
[2024-07-08 15:43:27,320: INFO: data_ingestion: File already exists of size: ~ 23 KB]
[2024-07-08 15:43:27,478: INFO: main: >>>>> stage Data Ingestion stage completed <<<<<

x==========x]
[2024-07-08 15:43:27,479: INFO: main: >>>>> stage Data Validation stage started <<<<<]
[2024-07-08 15:43:27,480: ERROR: main: main() takes 0 positional arguments but 1 was given]
Traceback (most recent call last):
  File "main.py", line 22, in <module>
    data_ingestion.main()
TypeError: main() takes 0 positional arguments but 1 was given
[2024-07-08 16:03:56,462: INFO: main: >>>>> stage Data Ingestion stage started <<<<<]
[2024-07-08 16:03:56,477: INFO: common: yaml file: config\config.yaml loaded successfully]
[2024-07-08 16:03:56,477: INFO: common: yaml file: params.yaml loaded successfully]
[2024-07-08 16:03:56,477: INFO: common: yaml file: schema.yaml loaded successfully]
[2024-07-08 16:03:56,477: INFO: common: created directory at: artifacts]
[2024-07-08 16:03:56,477: INFO: common: created directory at: artifacts/data_ingestion]
[2024-07-08 16:03:56,477: INFO: data_ingestion: File already exists of size: ~ 23 KB]
[2024-07-08 16:03:56,565: INFO: main: >>>>> stage Data Ingestion stage completed <<<<<

x==========x]
[2024-07-08 16:03:56,566: INFO: main: >>>>> stage Data Validation stage started <<<<<]
[2024-07-08 16:03:56,567: ERROR: main: main() takes 0 positional arguments but 1 was given]
Traceback (most recent call last):
  File "main.py", line 22, in <module>
    data_ingestion.main()
TypeError: main() takes 0 positional arguments but 1 was given
[2024-07-08 16:05:13,578: INFO: main: >>>>> stage Data Ingestion stage started <<<<<]
[2024-07-08 16:05:13,578: INFO: common: yaml file: config\config.yaml loaded successfully]
[2024-07-08 16:05:13,578: INFO: common: yaml file: params.yaml loaded successfully]
[2024-07-08 16:05:13,578: INFO: common: yaml file: schema.yaml loaded successfully]
[2024-07-08 16:05:13,588: INFO: common: created directory at: artifacts]
[2024-07-08 16:05:13,588: INFO: common: created directory at: artifacts/data_ingestion]
[2024-07-08 16:05:13,589: INFO: data_ingestion: File already exists of size: ~ 23 KB]
[2024-07-08 16:05:13,595: INFO: main: >>>>> stage Data Ingestion stage completed <<<<<

x==========x]
[2024-07-08 16:05:13,596: INFO: main: >>>>> stage Data Validation stage started <<<<<]
[2024-07-08 16:05:13,596: INFO: main: >>>>> stage Data Validation stage completed <<<<<

x==========x]
[2024-07-08 16:10:57,942: INFO: main: >>>>> stage Data Ingestion stage started <<<<<]
[2024-07-08 16:10:57,942: INFO: common: yaml file: config\config.yaml loaded successfully]
[2024-07-08 16:10:57,942: INFO: common: yaml file: params.yaml loaded successfully]
[2024-07-08 16:10:57,942: INFO: common: yaml file: schema.yaml loaded successfully]
[2024-07-08 16:10:57,959: INFO: common: created directory at: artifacts]
[2024-07-08 16:10:57,960: INFO: common: created directory at: artifacts/data_ingestion]
[2024-07-08 16:11:02,223: INFO: data_ingestion: artifacts/data_ingestion/data.zip download! with following info: 
Connection: close
Content-Length: 23329
Cache-Control: max-age=300
Content-Security-Policy: default-src 'none'; style-src 'unsafe-inline'; sandbox
Content-Type: application/zip
ETag: "c69888a4ae59bc5a893392785a938ccd4937981c06ba8a9d6a21aa52b4ab5b6e"
Strict-Transport-Security: max-age=31536000
X-Content-Type-Options: nosniff
X-Frame-Options: deny
X-XSS-Protection: 1; mode=block
X-GitHub-Request-Id: 9D25:E78FF:1FEF0C:2C0A81:668BC23D
Accept-Ranges: bytes
Date: Mon, 08 Jul 2024 10:41:01 GMT
Via: 1.1 varnish
X-Served-By: cache-hyd1100022-HYD
X-Cache: MISS
X-Cache-Hits: 0
X-Timer: S1720435261.195209,VS0,VE284
Vary: Authorization,Accept-Encoding,Origin
Access-Control-Allow-Origin: *
Cross-Origin-Resource-Policy: cross-origin
X-Fastly-Request-ID: 04c9cfbc37c25753eece39a60e4e523ec9592730
Expires: Mon, 08 Jul 2024 10:46:01 GMT
Source-Age: 0

]
[2024-07-08 16:11:02,529: INFO: main: >>>>> stage Data Ingestion stage completed <<<<<

x==========x]
[2024-07-08 16:11:02,530: INFO: main: >>>>> stage Data Validation stage started <<<<<]
[2024-07-08 16:11:02,531: INFO: main: >>>>> stage Data Validation stage completed <<<<<

x==========x]
[2024-07-08 16:12:56,672: INFO: main: >>>>> stage Data Ingestion stage started <<<<<]
[2024-07-08 16:12:56,672: INFO: common: yaml file: config\config.yaml loaded successfully]
[2024-07-08 16:12:56,672: INFO: common: yaml file: params.yaml loaded successfully]
[2024-07-08 16:12:56,672: INFO: common: yaml file: schema.yaml loaded successfully]
[2024-07-08 16:12:56,672: INFO: common: created directory at: artifacts]
[2024-07-08 16:12:56,672: INFO: common: created directory at: artifacts/data_ingestion]
[2024-07-08 16:12:56,672: INFO: data_ingestion: File already exists of size: ~ 23 KB]
[2024-07-08 16:12:56,672: INFO: main: >>>>> stage Data Ingestion stage completed <<<<<

x==========x]
[2024-07-08 16:12:56,687: INFO: main: >>>>> stage Data Validation stage started <<<<<]
[2024-07-08 16:12:56,687: ERROR: main: main() takes 0 positional arguments but 1 was given]
Traceback (most recent call last):
  File "main.py", line 22, in <module>
    data_ingestion.main()
TypeError: main() takes 0 positional arguments but 1 was given
[2024-07-08 16:13:55,095: INFO: main: >>>>> stage Data Ingestion stage started <<<<<]
[2024-07-08 16:13:55,111: INFO: common: yaml file: config\config.yaml loaded successfully]
[2024-07-08 16:13:55,111: INFO: common: yaml file: params.yaml loaded successfully]
[2024-07-08 16:13:55,111: INFO: common: yaml file: schema.yaml loaded successfully]
[2024-07-08 16:13:55,111: INFO: common: created directory at: artifacts]
[2024-07-08 16:13:55,111: INFO: common: created directory at: artifacts/data_ingestion]
[2024-07-08 16:13:55,111: INFO: data_ingestion: File already exists of size: ~ 23 KB]
[2024-07-08 16:13:55,111: INFO: main: >>>>> stage Data Ingestion stage completed <<<<<

x==========x]
[2024-07-08 16:13:55,111: INFO: main: >>>>> stage Data Validation stage started <<<<<]
[2024-07-08 16:13:55,111: ERROR: main: main() takes 0 positional arguments but 1 was given]
Traceback (most recent call last):
  File "main.py", line 22, in <module>
    data_ingestion.main()
TypeError: main() takes 0 positional arguments but 1 was given
[2024-07-08 16:18:47,148: INFO: main: >>>>> stage Data Ingestion stage started <<<<<]
[2024-07-08 16:18:47,163: INFO: common: yaml file: config\config.yaml loaded successfully]
[2024-07-08 16:18:47,163: INFO: common: yaml file: params.yaml loaded successfully]
[2024-07-08 16:18:47,163: INFO: common: yaml file: schema.yaml loaded successfully]
[2024-07-08 16:18:47,163: INFO: common: created directory at: artifacts]
[2024-07-08 16:18:47,163: INFO: common: created directory at: artifacts/data_ingestion]
[2024-07-08 16:18:47,163: INFO: data_ingestion: File already exists of size: ~ 23 KB]
[2024-07-08 16:18:47,163: INFO: main: >>>>> stage Data Ingestion stage completed <<<<<

x==========x]
[2024-07-08 16:18:47,163: INFO: main: >>>>> stage Data Validation stage started <<<<<]
[2024-07-08 16:18:47,163: INFO: common: yaml file: config\config.yaml loaded successfully]
[2024-07-08 16:18:47,163: INFO: common: yaml file: params.yaml loaded successfully]
[2024-07-08 16:18:47,179: INFO: common: yaml file: schema.yaml loaded successfully]
[2024-07-08 16:18:47,179: INFO: common: created directory at: artifacts]
[2024-07-08 16:18:47,179: ERROR: main: "'ConfigBox' object has no attribute 'root_dir'"]
Traceback (most recent call last):
  File "box\box.py", line 503, in box.box.Box.__getitem__
KeyError: 'root_dir'

The above exception was the direct cause of the following exception:

Traceback (most recent call last):
  File "box\box.py", line 536, in box.box.Box.__getattr__
  File "box\box.py", line 524, in box.box.Box.__getitem__
box.exceptions.BoxKeyError: "'root_dir'"

During handling of the above exception, another exception occurred:

Traceback (most recent call last):
  File "box\box.py", line 538, in box.box.Box.__getattr__
AttributeError: 'ConfigBox' object has no attribute 'root_dir'

The above exception was the direct cause of the following exception:

Traceback (most recent call last):
  File "box\config_box.py", line 28, in box.config_box.ConfigBox.__getattr__
  File "box\box.py", line 552, in box.box.Box.__getattr__
box.exceptions.BoxKeyError: "'ConfigBox' object has no attribute 'root_dir'"

During handling of the above exception, another exception occurred:

Traceback (most recent call last):
  File "box\box.py", line 503, in box.box.Box.__getitem__
KeyError: 'root_dir'

The above exception was the direct cause of the following exception:

Traceback (most recent call last):
  File "box\box.py", line 536, in box.box.Box.__getattr__
  File "box\box.py", line 524, in box.box.Box.__getitem__
box.exceptions.BoxKeyError: "'root_dir'"

During handling of the above exception, another exception occurred:

Traceback (most recent call last):
  File "box\box.py", line 538, in box.box.Box.__getattr__
AttributeError: 'ConfigBox' object has no attribute 'root_dir'

The above exception was the direct cause of the following exception:

Traceback (most recent call last):
  File "main.py", line 22, in <module>
    data_ingestion.main()
  File "C:\Users\galib\AI\End-end-project\End_to_End_ML_Project_With_MLFlow\src\mlproject\pipeline\stage_02_data_validation.py", line 16, in main
    data_validation_config = config.get_data_validation_config()
  File "C:\Users\galib\AI\End-end-project\End_to_End_ML_Project_With_MLFlow\src\mlproject\config\configuration.py", line 38, in get_data_validation_config
    create_directories([self.config.root_dir])
  File "box\config_box.py", line 30, in box.config_box.ConfigBox.__getattr__
  File "box\box.py", line 552, in box.box.Box.__getattr__
box.exceptions.BoxKeyError: "'ConfigBox' object has no attribute 'root_dir'"
[2024-07-08 16:20:26,447: INFO: main: >>>>> stage Data Ingestion stage started <<<<<]
[2024-07-08 16:20:26,447: INFO: common: yaml file: config\config.yaml loaded successfully]
[2024-07-08 16:20:26,447: INFO: common: yaml file: params.yaml loaded successfully]
[2024-07-08 16:20:26,447: INFO: common: yaml file: schema.yaml loaded successfully]
[2024-07-08 16:20:26,447: INFO: common: created directory at: artifacts]
[2024-07-08 16:20:26,468: INFO: common: created directory at: artifacts/data_ingestion]
[2024-07-08 16:20:26,469: INFO: data_ingestion: File already exists of size: ~ 23 KB]
[2024-07-08 16:20:26,504: INFO: main: >>>>> stage Data Ingestion stage completed <<<<<

x==========x]
[2024-07-08 16:20:26,516: INFO: main: >>>>> stage Data Validation stage started <<<<<]
[2024-07-08 16:20:26,536: INFO: common: yaml file: config\config.yaml loaded successfully]
[2024-07-08 16:20:26,544: INFO: common: yaml file: params.yaml loaded successfully]
[2024-07-08 16:20:26,559: INFO: common: yaml file: schema.yaml loaded successfully]
[2024-07-08 16:20:26,579: INFO: common: created directory at: artifacts]
[2024-07-08 16:20:26,585: ERROR: main: "'ConfigBox' object has no attribute 'root_dir'"]
Traceback (most recent call last):
  File "box\box.py", line 503, in box.box.Box.__getitem__
KeyError: 'root_dir'

The above exception was the direct cause of the following exception:

Traceback (most recent call last):
  File "box\box.py", line 536, in box.box.Box.__getattr__
  File "box\box.py", line 524, in box.box.Box.__getitem__
box.exceptions.BoxKeyError: "'root_dir'"

During handling of the above exception, another exception occurred:

Traceback (most recent call last):
  File "box\box.py", line 538, in box.box.Box.__getattr__
AttributeError: 'ConfigBox' object has no attribute 'root_dir'

The above exception was the direct cause of the following exception:

Traceback (most recent call last):
  File "box\config_box.py", line 28, in box.config_box.ConfigBox.__getattr__
  File "box\box.py", line 552, in box.box.Box.__getattr__
box.exceptions.BoxKeyError: "'ConfigBox' object has no attribute 'root_dir'"

During handling of the above exception, another exception occurred:

Traceback (most recent call last):
  File "box\box.py", line 503, in box.box.Box.__getitem__
KeyError: 'root_dir'

The above exception was the direct cause of the following exception:

Traceback (most recent call last):
  File "box\box.py", line 536, in box.box.Box.__getattr__
  File "box\box.py", line 524, in box.box.Box.__getitem__
box.exceptions.BoxKeyError: "'root_dir'"

During handling of the above exception, another exception occurred:

Traceback (most recent call last):
  File "box\box.py", line 538, in box.box.Box.__getattr__
AttributeError: 'ConfigBox' object has no attribute 'root_dir'

The above exception was the direct cause of the following exception:

Traceback (most recent call last):
  File "main.py", line 22, in <module>
    data_ingestion.main()
  File "C:\Users\galib\AI\End-end-project\End_to_End_ML_Project_With_MLFlow\src\mlproject\pipeline\stage_02_data_validation.py", line 16, in main
    data_validation_config = config.get_data_validation_config()
  File "C:\Users\galib\AI\End-end-project\End_to_End_ML_Project_With_MLFlow\src\mlproject\config\configuration.py", line 38, in get_data_validation_config
    create_directories([self.config.root_dir])
  File "box\config_box.py", line 30, in box.config_box.ConfigBox.__getattr__
  File "box\box.py", line 552, in box.box.Box.__getattr__
box.exceptions.BoxKeyError: "'ConfigBox' object has no attribute 'root_dir'"
[2024-07-08 16:21:47,961: INFO: main: >>>>> stage Data Ingestion stage started <<<<<]
[2024-07-08 16:21:47,961: INFO: common: yaml file: config\config.yaml loaded successfully]
[2024-07-08 16:21:47,961: INFO: common: yaml file: params.yaml loaded successfully]
[2024-07-08 16:21:47,961: INFO: common: yaml file: schema.yaml loaded successfully]
[2024-07-08 16:21:47,971: INFO: common: created directory at: artifacts]
[2024-07-08 16:21:47,972: INFO: common: created directory at: artifacts/data_ingestion]
[2024-07-08 16:21:47,973: INFO: data_ingestion: File already exists of size: ~ 23 KB]
[2024-07-08 16:21:47,978: INFO: main: >>>>> stage Data Ingestion stage completed <<<<<

x==========x]
[2024-07-08 16:21:47,979: INFO: main: >>>>> stage Data Validation stage started <<<<<]
[2024-07-08 16:21:47,988: INFO: common: yaml file: config\config.yaml loaded successfully]
[2024-07-08 16:21:47,990: INFO: common: yaml file: params.yaml loaded successfully]
[2024-07-08 16:21:47,998: INFO: common: yaml file: schema.yaml loaded successfully]
[2024-07-08 16:21:48,000: INFO: common: created directory at: artifacts]
[2024-07-08 16:21:48,001: INFO: common: created directory at: artifacts/data_validation]
[2024-07-08 16:21:48,001: ERROR: main: __init__() got an unexpected keyword argument 'root']
Traceback (most recent call last):
  File "main.py", line 22, in <module>
    data_ingestion.main()
  File "C:\Users\galib\AI\End-end-project\End_to_End_ML_Project_With_MLFlow\src\mlproject\pipeline\stage_02_data_validation.py", line 16, in main
    data_validation_config = config.get_data_validation_config()
  File "C:\Users\galib\AI\End-end-project\End_to_End_ML_Project_With_MLFlow\src\mlproject\config\configuration.py", line 40, in get_data_validation_config
    data_validation_config=DataValidationConfig(
TypeError: __init__() got an unexpected keyword argument 'root'
[2024-07-08 16:23:32,156: INFO: main: >>>>> stage Data Ingestion stage started <<<<<]
[2024-07-08 16:23:32,156: INFO: common: yaml file: config\config.yaml loaded successfully]
[2024-07-08 16:23:32,156: INFO: common: yaml file: params.yaml loaded successfully]
[2024-07-08 16:23:32,156: INFO: common: yaml file: schema.yaml loaded successfully]
[2024-07-08 16:23:32,167: INFO: common: created directory at: artifacts]
[2024-07-08 16:23:32,167: INFO: common: created directory at: artifacts/data_ingestion]
[2024-07-08 16:23:32,168: INFO: data_ingestion: File already exists of size: ~ 23 KB]
[2024-07-08 16:23:32,173: INFO: main: >>>>> stage Data Ingestion stage completed <<<<<

x==========x]
[2024-07-08 16:23:32,174: INFO: main: >>>>> stage Data Validation stage started <<<<<]
[2024-07-08 16:23:32,184: INFO: common: yaml file: config\config.yaml loaded successfully]
[2024-07-08 16:23:32,185: INFO: common: yaml file: params.yaml loaded successfully]
[2024-07-08 16:23:32,189: INFO: common: yaml file: schema.yaml loaded successfully]
[2024-07-08 16:23:32,190: INFO: common: created directory at: artifacts]
[2024-07-08 16:23:32,192: INFO: common: created directory at: artifacts/data_validation]
[2024-07-08 16:23:32,253: INFO: main: >>>>> stage Data Validation stage completed <<<<<

x==========x]
[2024-07-08 16:25:58,318: INFO: main: >>>>> stage Data Ingestion stage started <<<<<]
[2024-07-08 16:25:58,318: INFO: common: yaml file: config\config.yaml loaded successfully]
[2024-07-08 16:25:58,318: INFO: common: yaml file: params.yaml loaded successfully]
[2024-07-08 16:25:58,318: INFO: common: yaml file: schema.yaml loaded successfully]
[2024-07-08 16:25:58,318: INFO: common: created directory at: artifacts]
[2024-07-08 16:25:58,318: INFO: common: created directory at: artifacts/data_ingestion]
[2024-07-08 16:26:00,208: INFO: data_ingestion: artifacts/data_ingestion/data.zip download! with following info: 
Connection: close
Content-Length: 23329
Cache-Control: max-age=300
Content-Security-Policy: default-src 'none'; style-src 'unsafe-inline'; sandbox
Content-Type: application/zip
ETag: "c69888a4ae59bc5a893392785a938ccd4937981c06ba8a9d6a21aa52b4ab5b6e"
Strict-Transport-Security: max-age=31536000
X-Content-Type-Options: nosniff
X-Frame-Options: deny
X-XSS-Protection: 1; mode=block
X-GitHub-Request-Id: 59B0:D9431:20DEE6:2D0598:668BC5BF
Accept-Ranges: bytes
Date: Mon, 08 Jul 2024 10:55:59 GMT
Via: 1.1 varnish
X-Served-By: cache-maa10233-MAA
X-Cache: MISS
X-Cache-Hits: 0
X-Timer: S1720436160.657277,VS0,VE279
Vary: Authorization,Accept-Encoding,Origin
Access-Control-Allow-Origin: *
Cross-Origin-Resource-Policy: cross-origin
X-Fastly-Request-ID: 901cbca48b2f27711124997adfdcc819fbcb1c4a
Expires: Mon, 08 Jul 2024 11:00:59 GMT
Source-Age: 0

]
[2024-07-08 16:26:00,224: INFO: main: >>>>> stage Data Ingestion stage completed <<<<<

x==========x]
[2024-07-08 16:26:00,224: INFO: main: >>>>> stage Data Validation stage started <<<<<]
[2024-07-08 16:26:00,224: INFO: common: yaml file: config\config.yaml loaded successfully]
[2024-07-08 16:26:00,224: INFO: common: yaml file: params.yaml loaded successfully]
[2024-07-08 16:26:00,240: INFO: common: yaml file: schema.yaml loaded successfully]
[2024-07-08 16:26:00,240: INFO: common: created directory at: artifacts]
[2024-07-08 16:26:00,240: INFO: common: created directory at: artifacts/data_validation]
[2024-07-08 16:26:00,271: INFO: main: >>>>> stage Data Validation stage completed <<<<<

x==========x]
[2024-07-08 16:28:00,294: INFO: main: >>>>> stage Data Ingestion stage started <<<<<]
[2024-07-08 16:28:00,294: INFO: common: yaml file: config\config.yaml loaded successfully]
[2024-07-08 16:28:00,302: INFO: common: yaml file: params.yaml loaded successfully]
[2024-07-08 16:28:00,544: INFO: common: yaml file: schema.yaml loaded successfully]
[2024-07-08 16:28:00,544: INFO: common: created directory at: artifacts]
[2024-07-08 16:28:00,544: INFO: common: created directory at: artifacts/data_ingestion]
[2024-07-08 16:28:00,544: INFO: data_ingestion: File already exists of size: ~ 23 KB]
[2024-07-08 16:28:00,564: INFO: main: >>>>> stage Data Ingestion stage completed <<<<<

x==========x]
[2024-07-08 16:28:00,564: INFO: main: >>>>> stage Data Validation stage started <<<<<]
[2024-07-08 16:28:00,564: INFO: common: yaml file: config\config.yaml loaded successfully]
[2024-07-08 16:28:00,564: INFO: common: yaml file: params.yaml loaded successfully]
[2024-07-08 16:28:00,580: INFO: common: yaml file: schema.yaml loaded successfully]
[2024-07-08 16:28:00,580: INFO: common: created directory at: artifacts]
[2024-07-08 16:28:00,580: INFO: common: created directory at: artifacts/data_validation]
[2024-07-08 16:28:00,611: INFO: main: >>>>> stage Data Validation stage completed <<<<<

x==========x]
[2024-07-08 16:29:13,670: INFO: main: >>>>> stage Data Ingestion stage started <<<<<]
[2024-07-08 16:29:13,670: INFO: common: yaml file: config\config.yaml loaded successfully]
[2024-07-08 16:29:13,670: INFO: common: yaml file: params.yaml loaded successfully]
[2024-07-08 16:29:13,731: INFO: common: yaml file: schema.yaml loaded successfully]
[2024-07-08 16:29:13,732: INFO: common: created directory at: artifacts]
[2024-07-08 16:29:13,733: INFO: common: created directory at: artifacts/data_ingestion]
[2024-07-08 16:29:13,734: INFO: data_ingestion: File already exists of size: ~ 23 KB]
[2024-07-08 16:29:13,738: INFO: main: >>>>> stage Data Ingestion stage completed <<<<<

x==========x]
[2024-07-08 16:29:13,739: INFO: main: >>>>> stage Data Validation stage started <<<<<]
[2024-07-08 16:29:13,747: INFO: common: yaml file: config\config.yaml loaded successfully]
[2024-07-08 16:29:13,748: INFO: common: yaml file: params.yaml loaded successfully]
[2024-07-08 16:29:13,754: INFO: common: yaml file: schema.yaml loaded successfully]
[2024-07-08 16:29:13,756: INFO: common: created directory at: artifacts]
[2024-07-08 16:29:13,759: INFO: common: created directory at: artifacts/data_validation]
[2024-07-08 16:29:13,789: INFO: main: >>>>> stage Data Validation stage completed <<<<<

x==========x]
[2024-07-09 20:56:34,758: INFO: common: yaml file: config\config.yaml loaded successfully]
[2024-07-09 20:56:34,981: INFO: common: yaml file: params.yaml loaded successfully]
[2024-07-09 20:56:35,004: INFO: common: yaml file: schema.yaml loaded successfully]
[2024-07-09 20:56:35,035: INFO: common: created directory at: artifacts]
[2024-07-09 20:56:35,038: INFO: common: created directory at: artifacts/data_transformation]
[2024-07-09 20:56:35,574: INFO: 4261508835: Splited data into training and test sets]
[2024-07-09 20:56:35,574: INFO: 4261508835: (1199, 12)]
[2024-07-09 20:56:35,580: INFO: 4261508835: (400, 12)]
[2024-07-09 21:28:58,427: INFO: main: >>>>> stage Data Ingestion stage started <<<<<]
[2024-07-09 21:28:58,427: INFO: common: yaml file: config\config.yaml loaded successfully]
[2024-07-09 21:28:58,427: INFO: common: yaml file: params.yaml loaded successfully]
[2024-07-09 21:28:58,427: INFO: common: yaml file: schema.yaml loaded successfully]
[2024-07-09 21:28:58,427: INFO: common: created directory at: artifacts]
[2024-07-09 21:28:58,443: INFO: common: created directory at: artifacts/data_ingestion]
[2024-07-09 21:29:01,018: INFO: data_ingestion: artifacts/data_ingestion/data.zip download! with following info: 
Connection: close
Content-Length: 23329
Cache-Control: max-age=300
Content-Security-Policy: default-src 'none'; style-src 'unsafe-inline'; sandbox
Content-Type: application/zip
ETag: "c69888a4ae59bc5a893392785a938ccd4937981c06ba8a9d6a21aa52b4ab5b6e"
Strict-Transport-Security: max-age=31536000
X-Content-Type-Options: nosniff
X-Frame-Options: deny
X-XSS-Protection: 1; mode=block
X-GitHub-Request-Id: 6C81:148507:2E5A60:3C35E3:668D5E45
Accept-Ranges: bytes
Date: Tue, 09 Jul 2024 15:59:01 GMT
Via: 1.1 varnish
X-Served-By: cache-hyd1100024-HYD
X-Cache: MISS
X-Cache-Hits: 0
X-Timer: S1720540741.121338,VS0,VE292
Vary: Authorization,Accept-Encoding,Origin
Access-Control-Allow-Origin: *
Cross-Origin-Resource-Policy: cross-origin
X-Fastly-Request-ID: 546cd268b26ccb8a3b99026bf1eee0c9cae4c587
Expires: Tue, 09 Jul 2024 16:04:01 GMT
Source-Age: 0

]
[2024-07-09 21:29:01,706: INFO: main: >>>>> stage Data Ingestion stage completed <<<<<

x==========x]
[2024-07-09 21:29:01,706: INFO: main: >>>>> stage Data Validation stage started <<<<<]
[2024-07-09 21:29:01,721: INFO: common: yaml file: config\config.yaml loaded successfully]
[2024-07-09 21:29:01,721: INFO: common: yaml file: params.yaml loaded successfully]
[2024-07-09 21:29:01,721: INFO: common: yaml file: schema.yaml loaded successfully]
[2024-07-09 21:29:01,737: INFO: common: created directory at: artifacts]
[2024-07-09 21:29:02,190: INFO: common: created directory at: artifacts/data_validation]
[2024-07-09 21:29:02,221: INFO: main: >>>>> stage Data Validation stage completed <<<<<

x==========x]
[2024-07-09 21:29:02,221: INFO: main: >>>>> stage Data Transformation stage started <<<<<]
[2024-07-09 21:29:02,221: INFO: common: yaml file: config\config.yaml loaded successfully]
[2024-07-09 21:29:02,221: INFO: common: yaml file: params.yaml loaded successfully]
[2024-07-09 21:29:02,221: INFO: common: yaml file: schema.yaml loaded successfully]
[2024-07-09 21:29:02,221: INFO: common: created directory at: artifacts]
[2024-07-09 21:29:02,221: INFO: common: created directory at: artifacts/data_validation]
[2024-07-09 21:29:02,237: INFO: main: >>>>> stage Data Transformation stage completed <<<<<

x==========x]
[2024-07-09 21:37:47,421: INFO: main: >>>>> stage Data Ingestion stage started <<<<<]
[2024-07-09 21:37:47,421: INFO: common: yaml file: config\config.yaml loaded successfully]
[2024-07-09 21:37:47,421: INFO: common: yaml file: params.yaml loaded successfully]
[2024-07-09 21:37:47,421: INFO: common: yaml file: schema.yaml loaded successfully]
[2024-07-09 21:37:47,421: INFO: common: created directory at: artifacts]
[2024-07-09 21:37:47,421: INFO: common: created directory at: artifacts/data_ingestion]
[2024-07-09 21:37:47,421: INFO: data_ingestion: File already exists of size: ~ 23 KB]
[2024-07-09 21:37:47,437: INFO: main: >>>>> stage Data Ingestion stage completed <<<<<

x==========x]
[2024-07-09 21:37:47,437: INFO: main: >>>>> stage Data Validation stage started <<<<<]
[2024-07-09 21:37:47,437: INFO: common: yaml file: config\config.yaml loaded successfully]
[2024-07-09 21:37:47,437: INFO: common: yaml file: params.yaml loaded successfully]
[2024-07-09 21:37:47,437: INFO: common: yaml file: schema.yaml loaded successfully]
[2024-07-09 21:37:47,437: INFO: common: created directory at: artifacts]
[2024-07-09 21:37:47,437: INFO: common: created directory at: artifacts/data_validation]
[2024-07-09 21:37:47,468: INFO: main: >>>>> stage Data Validation stage completed <<<<<

x==========x]
[2024-07-09 21:37:47,468: INFO: main: >>>>> stage Data Transformation stage started <<<<<]
[2024-07-09 21:37:47,468: INFO: common: yaml file: config\config.yaml loaded successfully]
[2024-07-09 21:37:47,468: INFO: common: yaml file: params.yaml loaded successfully]
[2024-07-09 21:37:47,468: INFO: common: yaml file: schema.yaml loaded successfully]
[2024-07-09 21:37:47,468: INFO: common: created directory at: artifacts]
[2024-07-09 21:37:47,468: INFO: common: created directory at: artifacts/data_validation]
[2024-07-09 21:37:47,484: INFO: main: >>>>> stage Data Transformation stage completed <<<<<

x==========x]
[2024-07-09 21:44:32,380: INFO: main: >>>>> stage Data Ingestion stage started <<<<<]
[2024-07-09 21:44:32,380: INFO: common: yaml file: config\config.yaml loaded successfully]
[2024-07-09 21:44:32,380: INFO: common: yaml file: params.yaml loaded successfully]
[2024-07-09 21:44:32,380: INFO: common: yaml file: schema.yaml loaded successfully]
[2024-07-09 21:44:32,380: INFO: common: created directory at: artifacts]
[2024-07-09 21:44:32,380: INFO: common: created directory at: artifacts/data_ingestion]
[2024-07-09 21:44:34,197: INFO: data_ingestion: artifacts/data_ingestion/data.zip download! with following info: 
Connection: close
Content-Length: 23329
Cache-Control: max-age=300
Content-Security-Policy: default-src 'none'; style-src 'unsafe-inline'; sandbox
Content-Type: application/zip
ETag: "c69888a4ae59bc5a893392785a938ccd4937981c06ba8a9d6a21aa52b4ab5b6e"
Strict-Transport-Security: max-age=31536000
X-Content-Type-Options: nosniff
X-Frame-Options: deny
X-XSS-Protection: 1; mode=block
X-GitHub-Request-Id: 6C81:148507:2E5A60:3C35E3:668D5E45
Accept-Ranges: bytes
Date: Tue, 09 Jul 2024 16:14:34 GMT
Via: 1.1 varnish
X-Served-By: cache-hyd1100031-HYD
X-Cache: HIT
X-Cache-Hits: 0
X-Timer: S1720541674.485847,VS0,VE271
Vary: Authorization,Accept-Encoding,Origin
Access-Control-Allow-Origin: *
Cross-Origin-Resource-Policy: cross-origin
X-Fastly-Request-ID: 04829a38c9399f05d4fef59d5c194ccc7e68c3d7
Expires: Tue, 09 Jul 2024 16:19:34 GMT
Source-Age: 0

]
[2024-07-09 21:44:34,214: INFO: main: >>>>> stage Data Ingestion stage completed <<<<<

x==========x]
[2024-07-09 21:44:34,215: INFO: main: >>>>> stage Data Validation stage started <<<<<]
[2024-07-09 21:44:34,218: INFO: common: yaml file: config\config.yaml loaded successfully]
[2024-07-09 21:44:34,219: INFO: common: yaml file: params.yaml loaded successfully]
[2024-07-09 21:44:34,223: INFO: common: yaml file: schema.yaml loaded successfully]
[2024-07-09 21:44:34,223: INFO: common: created directory at: artifacts]
[2024-07-09 21:44:34,224: INFO: common: created directory at: artifacts/data_validation]
[2024-07-09 21:44:34,429: INFO: main: >>>>> stage Data Validation stage completed <<<<<

x==========x]
[2024-07-09 21:44:34,429: INFO: main: >>>>> stage Data Transformation stage started <<<<<]
[2024-07-09 21:44:34,429: INFO: common: yaml file: config\config.yaml loaded successfully]
[2024-07-09 21:44:34,445: INFO: common: yaml file: params.yaml loaded successfully]
[2024-07-09 21:44:34,445: INFO: common: yaml file: schema.yaml loaded successfully]
[2024-07-09 21:44:34,445: INFO: common: created directory at: artifacts]
[2024-07-09 21:44:34,445: INFO: common: created directory at: artifacts/data_transformation]
[2024-07-09 21:44:34,476: INFO: data_transformation: splited data into train and test sets]
[2024-07-09 21:44:34,476: INFO: data_transformation: (1199, 12)]
[2024-07-09 21:44:34,476: INFO: data_transformation: (400, 12)]
[2024-07-09 21:44:34,476: INFO: main: >>>>> stage Data Transformation stage completed <<<<<

x==========x]
[2024-07-09 21:51:29,786: INFO: main: >>>>> stage Data Ingestion stage started <<<<<]
[2024-07-09 21:51:29,796: INFO: common: yaml file: config\config.yaml loaded successfully]
[2024-07-09 21:51:29,797: INFO: common: yaml file: params.yaml loaded successfully]
[2024-07-09 21:51:29,800: INFO: common: yaml file: schema.yaml loaded successfully]
[2024-07-09 21:51:29,801: INFO: common: created directory at: artifacts]
[2024-07-09 21:51:29,801: INFO: common: created directory at: artifacts/data_ingestion]
[2024-07-09 21:51:31,674: INFO: data_ingestion: artifacts/data_ingestion/data.zip download! with following info: 
Connection: close
Content-Length: 23329
Cache-Control: max-age=300
Content-Security-Policy: default-src 'none'; style-src 'unsafe-inline'; sandbox
Content-Type: application/zip
ETag: "c69888a4ae59bc5a893392785a938ccd4937981c06ba8a9d6a21aa52b4ab5b6e"
Strict-Transport-Security: max-age=31536000
X-Content-Type-Options: nosniff
X-Frame-Options: deny
X-XSS-Protection: 1; mode=block
X-GitHub-Request-Id: 6C81:148507:2E5A60:3C35E3:668D5E45
Accept-Ranges: bytes
Date: Tue, 09 Jul 2024 16:21:32 GMT
Via: 1.1 varnish
X-Served-By: cache-hyd1100025-HYD
X-Cache: HIT
X-Cache-Hits: 0
X-Timer: S1720542092.956921,VS0,VE279
Vary: Authorization,Accept-Encoding,Origin
Access-Control-Allow-Origin: *
Cross-Origin-Resource-Policy: cross-origin
X-Fastly-Request-ID: e7affd26902a82e8a7ad30466ac68656979d4466
Expires: Tue, 09 Jul 2024 16:26:32 GMT
Source-Age: 0

]
[2024-07-09 21:51:31,690: INFO: main: >>>>> stage Data Ingestion stage completed <<<<<

x==========x]
[2024-07-09 21:51:31,690: INFO: main: >>>>> stage Data Validation stage started <<<<<]
[2024-07-09 21:51:31,696: INFO: common: yaml file: config\config.yaml loaded successfully]
[2024-07-09 21:51:31,697: INFO: common: yaml file: params.yaml loaded successfully]
[2024-07-09 21:51:31,701: INFO: common: yaml file: schema.yaml loaded successfully]
[2024-07-09 21:51:31,701: INFO: common: created directory at: artifacts]
[2024-07-09 21:51:31,702: INFO: common: created directory at: artifacts/data_validation]
[2024-07-09 21:51:31,725: INFO: main: >>>>> stage Data Validation stage completed <<<<<

x==========x]
[2024-07-09 21:51:31,726: INFO: main: >>>>> stage Data Transformation stage started <<<<<]
[2024-07-09 21:51:31,735: INFO: common: yaml file: config\config.yaml loaded successfully]
[2024-07-09 21:51:31,736: INFO: common: yaml file: params.yaml loaded successfully]
[2024-07-09 21:51:31,739: INFO: common: yaml file: schema.yaml loaded successfully]
[2024-07-09 21:51:31,740: INFO: common: created directory at: artifacts]
[2024-07-09 21:51:31,742: INFO: common: created directory at: artifacts/data_transformation]
[2024-07-09 21:51:31,782: INFO: data_transformation: splited data into train and test sets]
[2024-07-09 21:51:31,782: INFO: data_transformation: (1199, 12)]
[2024-07-09 21:51:31,782: INFO: data_transformation: (400, 12)]
[2024-07-09 21:51:31,782: INFO: main: >>>>> stage Data Transformation stage completed <<<<<

x==========x]
[2024-07-09 23:30:56,562: INFO: common: yaml file: config\config.yaml loaded successfully]
[2024-07-09 23:30:56,586: INFO: common: yaml file: params.yaml loaded successfully]
[2024-07-09 23:30:56,594: INFO: common: yaml file: schema.yaml loaded successfully]
[2024-07-09 23:30:56,602: INFO: common: created directory at: artifacts]
[2024-07-09 23:30:56,610: INFO: common: created directory at: artifacts/model_trainer]
[2024-07-10 00:09:01,308: INFO: main: >>>>> stage Data Ingestion stage started <<<<<]
[2024-07-10 00:09:01,308: INFO: common: yaml file: config\config.yaml loaded successfully]
[2024-07-10 00:09:01,308: INFO: common: yaml file: params.yaml loaded successfully]
[2024-07-10 00:09:01,324: INFO: common: yaml file: schema.yaml loaded successfully]
[2024-07-10 00:09:01,324: INFO: common: created directory at: artifacts]
[2024-07-10 00:09:01,324: INFO: common: created directory at: artifacts/data_ingestion]
[2024-07-10 00:09:03,692: INFO: data_ingestion: artifacts/data_ingestion/data.zip download! with following info: 
Connection: close
Content-Length: 23329
Cache-Control: max-age=300
Content-Security-Policy: default-src 'none'; style-src 'unsafe-inline'; sandbox
Content-Type: application/zip
ETag: "c69888a4ae59bc5a893392785a938ccd4937981c06ba8a9d6a21aa52b4ab5b6e"
Strict-Transport-Security: max-age=31536000
X-Content-Type-Options: nosniff
X-Frame-Options: deny
X-XSS-Protection: 1; mode=block
X-GitHub-Request-Id: 26C1:D9431:38CDF2:4AB3F3:668D83C1
Accept-Ranges: bytes
Date: Tue, 09 Jul 2024 18:39:03 GMT
Via: 1.1 varnish
X-Served-By: cache-hyd1100029-HYD
X-Cache: MISS
X-Cache-Hits: 0
X-Timer: S1720550343.468638,VS0,VE345
Vary: Authorization,Accept-Encoding,Origin
Access-Control-Allow-Origin: *
Cross-Origin-Resource-Policy: cross-origin
X-Fastly-Request-ID: 9dee4a7ea5de850a19bb8bc49d071a611cb9df2b
Expires: Tue, 09 Jul 2024 18:44:03 GMT
Source-Age: 0

]
[2024-07-10 00:09:03,723: INFO: main: >>>>> stage Data Ingestion stage completed <<<<<

x==========x]
[2024-07-10 00:09:03,723: INFO: main: >>>>> stage Data Validation stage started <<<<<]
[2024-07-10 00:09:03,754: INFO: common: yaml file: config\config.yaml loaded successfully]
[2024-07-10 00:09:03,754: INFO: common: yaml file: params.yaml loaded successfully]
[2024-07-10 00:09:03,786: INFO: common: yaml file: schema.yaml loaded successfully]
[2024-07-10 00:09:03,786: INFO: common: created directory at: artifacts]
[2024-07-10 00:09:03,786: INFO: common: created directory at: artifacts/data_validation]
[2024-07-10 00:09:03,879: INFO: main: >>>>> stage Data Validation stage completed <<<<<

x==========x]
[2024-07-10 00:09:03,879: INFO: main: >>>>> stage Data Transformation stage started <<<<<]
[2024-07-10 00:09:03,911: INFO: common: yaml file: config\config.yaml loaded successfully]
[2024-07-10 00:09:03,926: INFO: common: yaml file: params.yaml loaded successfully]
[2024-07-10 00:09:03,926: INFO: common: yaml file: schema.yaml loaded successfully]
[2024-07-10 00:09:03,942: INFO: common: created directory at: artifacts]
[2024-07-10 00:09:03,942: INFO: common: created directory at: artifacts/data_transformation]
[2024-07-10 00:09:04,004: INFO: data_transformation: splited data into train and test sets]
[2024-07-10 00:09:04,004: INFO: data_transformation: (1199, 12)]
[2024-07-10 00:09:04,004: INFO: data_transformation: (400, 12)]
[2024-07-10 00:09:04,004: INFO: main: >>>>> stage Data Transformation stage completed <<<<<

x==========x]
[2024-07-10 00:09:04,004: INFO: main: >>>>> stage Model Training stage started <<<<<]
[2024-07-10 00:09:04,020: INFO: common: yaml file: config\config.yaml loaded successfully]
[2024-07-10 00:09:04,020: INFO: common: yaml file: params.yaml loaded successfully]
[2024-07-10 00:09:04,020: INFO: common: yaml file: schema.yaml loaded successfully]
[2024-07-10 00:09:04,020: INFO: common: created directory at: artifacts]
[2024-07-10 00:09:04,020: ERROR: main: 'ConfigurationManager' object has no attribute 'get_model_trainer_config']
Traceback (most recent call last):
  File "main.py", line 44, in <module>
    model_training.main()
  File "C:\Users\galib\AI\End-end-project\End_to_End_ML_Project_With_MLFlow\src\mlproject\pipeline\stage_04_model_trainer.py", line 16, in main
    model_trainer_config=config.get_model_trainer_config()
AttributeError: 'ConfigurationManager' object has no attribute 'get_model_trainer_config'
[2024-07-10 00:13:35,427: INFO: main: >>>>> stage Data Ingestion stage started <<<<<]
[2024-07-10 00:13:35,427: INFO: common: yaml file: config\config.yaml loaded successfully]
[2024-07-10 00:13:35,427: INFO: common: yaml file: params.yaml loaded successfully]
[2024-07-10 00:13:35,443: INFO: common: yaml file: schema.yaml loaded successfully]
[2024-07-10 00:13:35,443: INFO: common: created directory at: artifacts]
[2024-07-10 00:13:35,443: INFO: common: created directory at: artifacts/data_ingestion]
[2024-07-10 00:13:35,443: INFO: data_ingestion: File already exists of size: ~ 23 KB]
[2024-07-10 00:13:35,443: INFO: main: >>>>> stage Data Ingestion stage completed <<<<<

x==========x]
[2024-07-10 00:13:35,443: INFO: main: >>>>> stage Data Validation stage started <<<<<]
[2024-07-10 00:13:35,443: INFO: common: yaml file: config\config.yaml loaded successfully]
[2024-07-10 00:13:35,443: INFO: common: yaml file: params.yaml loaded successfully]
[2024-07-10 00:13:35,458: INFO: common: yaml file: schema.yaml loaded successfully]
[2024-07-10 00:13:35,458: INFO: common: created directory at: artifacts]
[2024-07-10 00:13:35,458: INFO: common: created directory at: artifacts/data_validation]
[2024-07-10 00:13:35,474: INFO: main: >>>>> stage Data Validation stage completed <<<<<

x==========x]
[2024-07-10 00:13:35,474: INFO: main: >>>>> stage Data Transformation stage started <<<<<]
[2024-07-10 00:13:35,489: INFO: common: yaml file: config\config.yaml loaded successfully]
[2024-07-10 00:13:35,489: INFO: common: yaml file: params.yaml loaded successfully]
[2024-07-10 00:13:35,489: INFO: common: yaml file: schema.yaml loaded successfully]
[2024-07-10 00:13:35,489: INFO: common: created directory at: artifacts]
[2024-07-10 00:13:35,489: INFO: common: created directory at: artifacts/data_transformation]
[2024-07-10 00:13:35,521: INFO: data_transformation: splited data into train and test sets]
[2024-07-10 00:13:35,521: INFO: data_transformation: (1199, 12)]
[2024-07-10 00:13:35,521: INFO: data_transformation: (400, 12)]
[2024-07-10 00:13:35,521: INFO: main: >>>>> stage Data Transformation stage completed <<<<<

x==========x]
[2024-07-10 00:13:35,521: INFO: main: >>>>> stage Model Training stage started <<<<<]
[2024-07-10 00:13:35,521: INFO: common: yaml file: config\config.yaml loaded successfully]
[2024-07-10 00:13:35,521: INFO: common: yaml file: params.yaml loaded successfully]
[2024-07-10 00:13:35,536: INFO: common: yaml file: schema.yaml loaded successfully]
[2024-07-10 00:13:35,536: INFO: common: created directory at: artifacts]
[2024-07-10 00:13:35,536: ERROR: main: 'ConfigurationManager' object has no attribute 'get_model_trainer_config']
Traceback (most recent call last):
  File "main.py", line 44, in <module>
    model_training.main()
  File "C:\Users\galib\AI\End-end-project\End_to_End_ML_Project_With_MLFlow\src\mlproject\pipeline\stage_04_model_trainer.py", line 16, in main
    model_trainer_config=config.get_model_trainer_config()
AttributeError: 'ConfigurationManager' object has no attribute 'get_model_trainer_config'
[2024-07-10 00:17:23,366: INFO: main: >>>>> stage Data Ingestion stage started <<<<<]
[2024-07-10 00:17:23,366: INFO: common: yaml file: config\config.yaml loaded successfully]
[2024-07-10 00:17:23,382: INFO: common: yaml file: params.yaml loaded successfully]
[2024-07-10 00:17:23,382: INFO: common: yaml file: schema.yaml loaded successfully]
[2024-07-10 00:17:23,382: INFO: common: created directory at: artifacts]
[2024-07-10 00:17:23,382: INFO: common: created directory at: artifacts/data_ingestion]
[2024-07-10 00:17:23,382: INFO: data_ingestion: File already exists of size: ~ 23 KB]
[2024-07-10 00:17:23,382: INFO: main: >>>>> stage Data Ingestion stage completed <<<<<

x==========x]
[2024-07-10 00:17:23,382: INFO: main: >>>>> stage Data Validation stage started <<<<<]
[2024-07-10 00:17:23,398: INFO: common: yaml file: config\config.yaml loaded successfully]
[2024-07-10 00:17:23,398: INFO: common: yaml file: params.yaml loaded successfully]
[2024-07-10 00:17:23,398: INFO: common: yaml file: schema.yaml loaded successfully]
[2024-07-10 00:17:23,398: INFO: common: created directory at: artifacts]
[2024-07-10 00:17:23,398: INFO: common: created directory at: artifacts/data_validation]
[2024-07-10 00:17:23,445: INFO: main: >>>>> stage Data Validation stage completed <<<<<

x==========x]
[2024-07-10 00:17:23,445: INFO: main: >>>>> stage Data Transformation stage started <<<<<]
[2024-07-10 00:17:23,445: INFO: common: yaml file: config\config.yaml loaded successfully]
[2024-07-10 00:17:23,445: INFO: common: yaml file: params.yaml loaded successfully]
[2024-07-10 00:17:23,445: INFO: common: yaml file: schema.yaml loaded successfully]
[2024-07-10 00:17:23,445: INFO: common: created directory at: artifacts]
[2024-07-10 00:17:23,445: INFO: common: created directory at: artifacts/data_transformation]
[2024-07-10 00:17:23,491: INFO: data_transformation: splited data into train and test sets]
[2024-07-10 00:17:23,491: INFO: data_transformation: (1199, 12)]
[2024-07-10 00:17:23,491: INFO: data_transformation: (400, 12)]
[2024-07-10 00:17:23,491: INFO: main: >>>>> stage Data Transformation stage completed <<<<<

x==========x]
[2024-07-10 00:17:23,491: INFO: main: >>>>> stage Model Training stage started <<<<<]
[2024-07-10 00:17:23,491: INFO: common: yaml file: config\config.yaml loaded successfully]
[2024-07-10 00:17:23,491: INFO: common: yaml file: params.yaml loaded successfully]
[2024-07-10 00:17:23,491: INFO: common: yaml file: schema.yaml loaded successfully]
[2024-07-10 00:17:23,491: INFO: common: created directory at: artifacts]
[2024-07-10 00:17:23,491: ERROR: main: 'ConfigurationManager' object has no attribute 'get_model_trainer_config']
Traceback (most recent call last):
  File "main.py", line 44, in <module>
    model_training.main()
  File "C:\Users\galib\AI\End-end-project\End_to_End_ML_Project_With_MLFlow\src\mlproject\pipeline\stage_04_model_trainer.py", line 16, in main
    model_trainer_config=config.get_model_trainer_config()
AttributeError: 'ConfigurationManager' object has no attribute 'get_model_trainer_config'
[2024-07-10 00:20:35,703: INFO: main: >>>>> stage Data Ingestion stage started <<<<<]
[2024-07-10 00:20:35,703: INFO: common: yaml file: config\config.yaml loaded successfully]
[2024-07-10 00:20:35,703: INFO: common: yaml file: params.yaml loaded successfully]
[2024-07-10 00:20:35,719: INFO: common: yaml file: schema.yaml loaded successfully]
[2024-07-10 00:20:35,719: INFO: common: created directory at: artifacts]
[2024-07-10 00:20:35,719: INFO: common: created directory at: artifacts/data_ingestion]
[2024-07-10 00:20:35,719: INFO: data_ingestion: File already exists of size: ~ 23 KB]
[2024-07-10 00:20:35,719: INFO: main: >>>>> stage Data Ingestion stage completed <<<<<

x==========x]
[2024-07-10 00:20:35,719: INFO: main: >>>>> stage Data Validation stage started <<<<<]
[2024-07-10 00:20:35,735: INFO: common: yaml file: config\config.yaml loaded successfully]
[2024-07-10 00:20:35,735: INFO: common: yaml file: params.yaml loaded successfully]
[2024-07-10 00:20:35,735: INFO: common: yaml file: schema.yaml loaded successfully]
[2024-07-10 00:20:35,735: INFO: common: created directory at: artifacts]
[2024-07-10 00:20:35,735: INFO: common: created directory at: artifacts/data_validation]
[2024-07-10 00:20:35,766: INFO: main: >>>>> stage Data Validation stage completed <<<<<

x==========x]
[2024-07-10 00:20:35,766: INFO: main: >>>>> stage Data Transformation stage started <<<<<]
[2024-07-10 00:20:35,766: INFO: common: yaml file: config\config.yaml loaded successfully]
[2024-07-10 00:20:35,782: INFO: common: yaml file: params.yaml loaded successfully]
[2024-07-10 00:20:35,782: INFO: common: yaml file: schema.yaml loaded successfully]
[2024-07-10 00:20:35,782: INFO: common: created directory at: artifacts]
[2024-07-10 00:20:35,782: INFO: common: created directory at: artifacts/data_transformation]
[2024-07-10 00:20:35,813: INFO: data_transformation: splited data into train and test sets]
[2024-07-10 00:20:35,813: INFO: data_transformation: (1199, 12)]
[2024-07-10 00:20:35,813: INFO: data_transformation: (400, 12)]
[2024-07-10 00:20:35,813: INFO: main: >>>>> stage Data Transformation stage completed <<<<<

x==========x]
[2024-07-10 00:20:35,813: INFO: main: >>>>> stage Model Training stage started <<<<<]
[2024-07-10 00:20:35,813: INFO: common: yaml file: config\config.yaml loaded successfully]
[2024-07-10 00:20:35,828: INFO: common: yaml file: params.yaml loaded successfully]
[2024-07-10 00:20:35,828: INFO: common: yaml file: schema.yaml loaded successfully]
[2024-07-10 00:20:35,828: INFO: common: created directory at: artifacts]
[2024-07-10 00:20:35,828: INFO: common: created directory at: artifacts/model_trainer]
[2024-07-10 00:20:36,016: ERROR: main: Cannot specify both 'labels' and 'index'/'columns']
Traceback (most recent call last):
  File "main.py", line 44, in <module>
    model_training.main()
  File "C:\Users\galib\AI\End-end-project\End_to_End_ML_Project_With_MLFlow\src\mlproject\pipeline\stage_04_model_trainer.py", line 18, in main
    model_trainer.train()
  File "C:\Users\galib\AI\End-end-project\End_to_End_ML_Project_With_MLFlow\src\mlproject\components\model_trainer.py", line 20, in train
    train_x=train_data.drop([self.config.target_column],index=False)
  File "C:\Users\galib\anaconda3\envs\mlproj\lib\site-packages\pandas\core\frame.py", line 5258, in drop
    return super().drop(
  File "C:\Users\galib\anaconda3\envs\mlproj\lib\site-packages\pandas\core\generic.py", line 4533, in drop
    raise ValueError("Cannot specify both 'labels' and 'index'/'columns'")
ValueError: Cannot specify both 'labels' and 'index'/'columns'
[2024-07-10 00:24:01,426: INFO: main: >>>>> stage Data Ingestion stage started <<<<<]
[2024-07-10 00:24:01,441: INFO: common: yaml file: config\config.yaml loaded successfully]
[2024-07-10 00:24:01,441: INFO: common: yaml file: params.yaml loaded successfully]
[2024-07-10 00:24:01,441: INFO: common: yaml file: schema.yaml loaded successfully]
[2024-07-10 00:24:01,441: INFO: common: created directory at: artifacts]
[2024-07-10 00:24:01,441: INFO: common: created directory at: artifacts/data_ingestion]
[2024-07-10 00:24:01,441: INFO: data_ingestion: File already exists of size: ~ 23 KB]
[2024-07-10 00:24:01,441: INFO: main: >>>>> stage Data Ingestion stage completed <<<<<

x==========x]
[2024-07-10 00:24:01,441: INFO: main: >>>>> stage Data Validation stage started <<<<<]
[2024-07-10 00:24:01,457: INFO: common: yaml file: config\config.yaml loaded successfully]
[2024-07-10 00:24:01,457: INFO: common: yaml file: params.yaml loaded successfully]
[2024-07-10 00:24:01,457: INFO: common: yaml file: schema.yaml loaded successfully]
[2024-07-10 00:24:01,457: INFO: common: created directory at: artifacts]
[2024-07-10 00:24:01,457: INFO: common: created directory at: artifacts/data_validation]
[2024-07-10 00:24:01,488: INFO: main: >>>>> stage Data Validation stage completed <<<<<

x==========x]
[2024-07-10 00:24:01,488: INFO: main: >>>>> stage Data Transformation stage started <<<<<]
[2024-07-10 00:24:01,504: INFO: common: yaml file: config\config.yaml loaded successfully]
[2024-07-10 00:24:01,504: INFO: common: yaml file: params.yaml loaded successfully]
[2024-07-10 00:24:01,504: INFO: common: yaml file: schema.yaml loaded successfully]
[2024-07-10 00:24:01,504: INFO: common: created directory at: artifacts]
[2024-07-10 00:24:01,504: INFO: common: created directory at: artifacts/data_transformation]
[2024-07-10 00:24:01,535: INFO: data_transformation: splited data into train and test sets]
[2024-07-10 00:24:01,535: INFO: data_transformation: (1199, 12)]
[2024-07-10 00:24:01,535: INFO: data_transformation: (400, 12)]
[2024-07-10 00:24:01,535: INFO: main: >>>>> stage Data Transformation stage completed <<<<<

x==========x]
[2024-07-10 00:24:01,535: INFO: main: >>>>> stage Model Training stage started <<<<<]
[2024-07-10 00:24:01,535: INFO: common: yaml file: config\config.yaml loaded successfully]
[2024-07-10 00:24:01,535: INFO: common: yaml file: params.yaml loaded successfully]
[2024-07-10 00:24:01,535: INFO: common: yaml file: schema.yaml loaded successfully]
[2024-07-10 00:24:01,535: INFO: common: created directory at: artifacts]
[2024-07-10 00:24:01,535: INFO: common: created directory at: artifacts/model_trainer]
[2024-07-10 00:24:01,707: ERROR: main: Cannot specify both 'labels' and 'index'/'columns']
Traceback (most recent call last):
  File "main.py", line 44, in <module>
    model_training.main()
  File "C:\Users\galib\AI\End-end-project\End_to_End_ML_Project_With_MLFlow\src\mlproject\pipeline\stage_04_model_trainer.py", line 18, in main
    model_trainer.train()
  File "C:\Users\galib\AI\End-end-project\End_to_End_ML_Project_With_MLFlow\src\mlproject\components\model_trainer.py", line 20, in train
    train_x=train_data.drop([self.config.target_column],index=False)
  File "C:\Users\galib\anaconda3\envs\mlproj\lib\site-packages\pandas\core\frame.py", line 5258, in drop
    return super().drop(
  File "C:\Users\galib\anaconda3\envs\mlproj\lib\site-packages\pandas\core\generic.py", line 4533, in drop
    raise ValueError("Cannot specify both 'labels' and 'index'/'columns'")
ValueError: Cannot specify both 'labels' and 'index'/'columns'
[2024-07-10 11:20:18,442: INFO: main: >>>>> stage Data Ingestion stage started <<<<<]
[2024-07-10 11:20:18,488: INFO: common: yaml file: config\config.yaml loaded successfully]
[2024-07-10 11:20:18,527: INFO: common: yaml file: params.yaml loaded successfully]
[2024-07-10 11:20:18,558: INFO: common: yaml file: schema.yaml loaded successfully]
[2024-07-10 11:20:18,623: INFO: common: created directory at: artifacts]
[2024-07-10 11:20:18,623: INFO: common: created directory at: artifacts/data_ingestion]
[2024-07-10 11:20:24,183: INFO: data_ingestion: artifacts/data_ingestion/data.zip download! with following info: 
Connection: close
Content-Length: 23329
Cache-Control: max-age=300
Content-Security-Policy: default-src 'none'; style-src 'unsafe-inline'; sandbox
Content-Type: application/zip
ETag: "c69888a4ae59bc5a893392785a938ccd4937981c06ba8a9d6a21aa52b4ab5b6e"
Strict-Transport-Security: max-age=31536000
X-Content-Type-Options: nosniff
X-Frame-Options: deny
X-XSS-Protection: 1; mode=block
X-GitHub-Request-Id: 7D62:D3BC1:3C46FF:5037B7:668E2120
Accept-Ranges: bytes
Date: Wed, 10 Jul 2024 05:50:24 GMT
Via: 1.1 varnish
X-Served-By: cache-hyd1100035-HYD
X-Cache: MISS
X-Cache-Hits: 0
X-Timer: S1720590625.546921,VS0,VE284
Vary: Authorization,Accept-Encoding,Origin
Access-Control-Allow-Origin: *
Cross-Origin-Resource-Policy: cross-origin
X-Fastly-Request-ID: 7d263ce49bea5a3804c1a6b5813f4716149c6af8
Expires: Wed, 10 Jul 2024 05:55:24 GMT
Source-Age: 0

]
[2024-07-10 11:20:24,852: INFO: main: >>>>> stage Data Ingestion stage completed <<<<<

x==========x]
[2024-07-10 11:20:24,852: INFO: main: >>>>> stage Data Validation stage started <<<<<]
[2024-07-10 11:20:24,852: INFO: common: yaml file: config\config.yaml loaded successfully]
[2024-07-10 11:20:24,852: INFO: common: yaml file: params.yaml loaded successfully]
[2024-07-10 11:20:24,852: INFO: common: yaml file: schema.yaml loaded successfully]
[2024-07-10 11:20:24,852: INFO: common: created directory at: artifacts]
[2024-07-10 11:20:24,852: INFO: common: created directory at: artifacts/data_validation]
[2024-07-10 11:20:26,404: INFO: main: >>>>> stage Data Validation stage completed <<<<<

x==========x]
[2024-07-10 11:20:26,404: INFO: main: >>>>> stage Data Transformation stage started <<<<<]
[2024-07-10 11:20:26,419: INFO: common: yaml file: config\config.yaml loaded successfully]
[2024-07-10 11:20:26,426: INFO: common: yaml file: params.yaml loaded successfully]
[2024-07-10 11:20:26,426: INFO: common: yaml file: schema.yaml loaded successfully]
[2024-07-10 11:20:26,426: INFO: common: created directory at: artifacts]
[2024-07-10 11:20:26,605: INFO: common: created directory at: artifacts/data_transformation]
[2024-07-10 11:20:29,257: INFO: data_transformation: splited data into train and test sets]
[2024-07-10 11:20:29,257: INFO: data_transformation: (1199, 12)]
[2024-07-10 11:20:29,273: INFO: data_transformation: (400, 12)]
[2024-07-10 11:20:29,273: INFO: main: >>>>> stage Data Transformation stage completed <<<<<

x==========x]
[2024-07-10 11:20:29,273: INFO: main: >>>>> stage Model Training stage started <<<<<]
[2024-07-10 11:20:29,273: INFO: common: yaml file: config\config.yaml loaded successfully]
[2024-07-10 11:20:29,273: INFO: common: yaml file: params.yaml loaded successfully]
[2024-07-10 11:20:29,273: INFO: common: yaml file: schema.yaml loaded successfully]
[2024-07-10 11:20:29,273: INFO: common: created directory at: artifacts]
[2024-07-10 11:20:29,273: INFO: common: created directory at: artifacts/model_trainer]
[2024-07-10 11:20:29,458: ERROR: main: Cannot specify both 'labels' and 'index'/'columns']
Traceback (most recent call last):
  File "main.py", line 44, in <module>
    model_training.main()
  File "C:\Users\galib\AI\End-end-project\End_to_End_ML_Project_With_MLFlow\src\mlproject\pipeline\stage_04_model_trainer.py", line 18, in main
    model_trainer.train()
  File "C:\Users\galib\AI\End-end-project\End_to_End_ML_Project_With_MLFlow\src\mlproject\components\model_trainer.py", line 20, in train
    train_x=train_data.drop([self.config.target_column],index=False)
  File "C:\Users\galib\anaconda3\envs\mlproj\lib\site-packages\pandas\core\frame.py", line 5258, in drop
    return super().drop(
  File "C:\Users\galib\anaconda3\envs\mlproj\lib\site-packages\pandas\core\generic.py", line 4533, in drop
    raise ValueError("Cannot specify both 'labels' and 'index'/'columns'")
ValueError: Cannot specify both 'labels' and 'index'/'columns'
[2024-07-10 11:38:51,195: INFO: main: >>>>> stage Data Ingestion stage started <<<<<]
[2024-07-10 11:38:51,225: INFO: common: yaml file: config\config.yaml loaded successfully]
[2024-07-10 11:38:51,306: INFO: common: yaml file: params.yaml loaded successfully]
[2024-07-10 11:38:51,313: INFO: common: yaml file: schema.yaml loaded successfully]
[2024-07-10 11:38:51,314: INFO: common: created directory at: artifacts]
[2024-07-10 11:38:51,317: INFO: common: created directory at: artifacts/data_ingestion]
[2024-07-10 11:38:54,577: INFO: data_ingestion: artifacts/data_ingestion/data.zip download! with following info: 
Connection: close
Content-Length: 23329
Cache-Control: max-age=300
Content-Security-Policy: default-src 'none'; style-src 'unsafe-inline'; sandbox
Content-Type: application/zip
ETag: "c69888a4ae59bc5a893392785a938ccd4937981c06ba8a9d6a21aa52b4ab5b6e"
Strict-Transport-Security: max-age=31536000
X-Content-Type-Options: nosniff
X-Frame-Options: deny
X-XSS-Protection: 1; mode=block
X-GitHub-Request-Id: 7D62:D3BC1:3C46FF:5037B7:668E2120
Accept-Ranges: bytes
Date: Wed, 10 Jul 2024 06:08:55 GMT
Via: 1.1 varnish
X-Served-By: cache-hyd1100034-HYD
X-Cache: HIT
X-Cache-Hits: 0
X-Timer: S1720591735.085711,VS0,VE285
Vary: Authorization,Accept-Encoding,Origin
Access-Control-Allow-Origin: *
Cross-Origin-Resource-Policy: cross-origin
X-Fastly-Request-ID: 93149348c29ad547cbbfadadfd9ca3d3acef7234
Expires: Wed, 10 Jul 2024 06:13:55 GMT
Source-Age: 0

]
[2024-07-10 11:38:54,656: INFO: main: >>>>> stage Data Ingestion stage completed <<<<<

x==========x]
[2024-07-10 11:38:54,657: INFO: main: >>>>> stage Data Validation stage started <<<<<]
[2024-07-10 11:38:54,663: INFO: common: yaml file: config\config.yaml loaded successfully]
[2024-07-10 11:38:54,666: INFO: common: yaml file: params.yaml loaded successfully]
[2024-07-10 11:38:54,674: INFO: common: yaml file: schema.yaml loaded successfully]
[2024-07-10 11:38:54,675: INFO: common: created directory at: artifacts]
[2024-07-10 11:38:54,676: INFO: common: created directory at: artifacts/data_validation]
[2024-07-10 11:38:54,847: INFO: main: >>>>> stage Data Validation stage completed <<<<<

x==========x]
[2024-07-10 11:38:54,848: INFO: main: >>>>> stage Data Transformation stage started <<<<<]
[2024-07-10 11:38:54,857: INFO: common: yaml file: config\config.yaml loaded successfully]
[2024-07-10 11:38:54,860: INFO: common: yaml file: params.yaml loaded successfully]
[2024-07-10 11:38:54,869: INFO: common: yaml file: schema.yaml loaded successfully]
[2024-07-10 11:38:54,870: INFO: common: created directory at: artifacts]
[2024-07-10 11:38:54,885: INFO: common: created directory at: artifacts/data_transformation]
[2024-07-10 11:38:55,024: INFO: data_transformation: splited data into train and test sets]
[2024-07-10 11:38:55,025: INFO: data_transformation: (1199, 12)]
[2024-07-10 11:38:55,025: INFO: data_transformation: (400, 12)]
[2024-07-10 11:38:55,025: INFO: main: >>>>> stage Data Transformation stage completed <<<<<

x==========x]
[2024-07-10 11:38:55,025: INFO: main: >>>>> stage Model Training stage started <<<<<]
[2024-07-10 11:38:55,034: INFO: common: yaml file: config\config.yaml loaded successfully]
[2024-07-10 11:38:55,036: INFO: common: yaml file: params.yaml loaded successfully]
[2024-07-10 11:38:55,042: INFO: common: yaml file: schema.yaml loaded successfully]
[2024-07-10 11:38:55,043: INFO: common: created directory at: artifacts]
[2024-07-10 11:38:55,044: INFO: common: created directory at: artifacts/model_trainer]
[2024-07-10 11:38:55,077: ERROR: main: "['quality'] not found in axis"]
Traceback (most recent call last):
  File "main.py", line 44, in <module>
    model_training.main()
  File "C:\Users\galib\AI\End-end-project\End_to_End_ML_Project_With_MLFlow\src\mlproject\pipeline\stage_04_model_trainer.py", line 18, in main
    model_trainer.train()
  File "C:\Users\galib\AI\End-end-project\End_to_End_ML_Project_With_MLFlow\src\mlproject\components\model_trainer.py", line 20, in train
    train_x=train_data.drop([self.config.target_column],axis=False)
  File "C:\Users\galib\anaconda3\envs\mlproj\lib\site-packages\pandas\core\frame.py", line 5258, in drop
    return super().drop(
  File "C:\Users\galib\anaconda3\envs\mlproj\lib\site-packages\pandas\core\generic.py", line 4549, in drop
    obj = obj._drop_axis(labels, axis, level=level, errors=errors)
  File "C:\Users\galib\anaconda3\envs\mlproj\lib\site-packages\pandas\core\generic.py", line 4591, in _drop_axis
    new_axis = axis.drop(labels, errors=errors)
  File "C:\Users\galib\anaconda3\envs\mlproj\lib\site-packages\pandas\core\indexes\base.py", line 6699, in drop
    raise KeyError(f"{list(labels[mask])} not found in axis")
KeyError: "['quality'] not found in axis"
[2024-07-10 11:52:47,347: INFO: main: >>>>> stage Data Ingestion stage started <<<<<]
[2024-07-10 11:52:47,347: INFO: common: yaml file: config\config.yaml loaded successfully]
[2024-07-10 11:52:47,347: INFO: common: yaml file: params.yaml loaded successfully]
[2024-07-10 11:52:47,347: INFO: common: yaml file: schema.yaml loaded successfully]
[2024-07-10 11:52:47,363: INFO: common: created directory at: artifacts]
[2024-07-10 11:52:47,363: INFO: common: created directory at: artifacts/data_ingestion]
[2024-07-10 11:52:47,363: INFO: data_ingestion: File already exists of size: ~ 23 KB]
[2024-07-10 11:52:47,363: INFO: main: >>>>> stage Data Ingestion stage completed <<<<<

x==========x]
[2024-07-10 11:52:47,363: INFO: main: >>>>> stage Data Validation stage started <<<<<]
[2024-07-10 11:52:47,363: INFO: common: yaml file: config\config.yaml loaded successfully]
[2024-07-10 11:52:47,363: INFO: common: yaml file: params.yaml loaded successfully]
[2024-07-10 11:52:47,363: INFO: common: yaml file: schema.yaml loaded successfully]
[2024-07-10 11:52:47,363: INFO: common: created directory at: artifacts]
[2024-07-10 11:52:47,363: INFO: common: created directory at: artifacts/data_validation]
[2024-07-10 11:53:21,172: INFO: main: >>>>> stage Data Validation stage completed <<<<<

x==========x]
[2024-07-10 11:53:21,172: INFO: main: >>>>> stage Data Transformation stage started <<<<<]
[2024-07-10 11:53:21,172: INFO: common: yaml file: config\config.yaml loaded successfully]
[2024-07-10 11:53:21,172: INFO: common: yaml file: params.yaml loaded successfully]
[2024-07-10 11:53:21,188: INFO: common: yaml file: schema.yaml loaded successfully]
[2024-07-10 11:53:21,188: INFO: common: created directory at: artifacts]
[2024-07-10 11:53:21,188: INFO: common: created directory at: artifacts/data_transformation]
[2024-07-10 11:53:21,219: INFO: data_transformation: splited data into train and test sets]
[2024-07-10 11:53:21,219: INFO: data_transformation: (1199, 12)]
[2024-07-10 11:53:21,219: INFO: data_transformation: (400, 12)]
[2024-07-10 11:53:21,219: INFO: main: >>>>> stage Data Transformation stage completed <<<<<

x==========x]
[2024-07-10 11:53:21,219: INFO: main: >>>>> stage Model Training stage started <<<<<]
[2024-07-10 11:53:21,219: INFO: common: yaml file: config\config.yaml loaded successfully]
[2024-07-10 11:53:21,219: INFO: common: yaml file: params.yaml loaded successfully]
[2024-07-10 11:53:21,219: INFO: common: yaml file: schema.yaml loaded successfully]
[2024-07-10 11:53:21,219: INFO: common: created directory at: artifacts]
[2024-07-10 11:53:21,219: INFO: common: created directory at: artifacts/model_trainer]
[2024-07-10 11:53:47,255: INFO: main: >>>>> stage Model Training stage completed <<<<<

x==========x]
[2024-07-10 23:26:36,576: INFO: common: yaml file: config\config.yaml loaded successfully]
[2024-07-10 23:26:37,519: INFO: common: yaml file: params.yaml loaded successfully]
[2024-07-10 23:26:37,527: INFO: common: yaml file: schema.yaml loaded successfully]
[2024-07-10 23:26:37,565: INFO: common: created directory at: artifacts]
[2024-07-10 23:29:09,184: INFO: common: yaml file: config\config.yaml loaded successfully]
[2024-07-10 23:29:09,188: INFO: common: yaml file: params.yaml loaded successfully]
[2024-07-10 23:29:09,197: INFO: common: yaml file: schema.yaml loaded successfully]
[2024-07-10 23:29:09,201: INFO: common: created directory at: artifacts]
[2024-07-10 23:31:27,977: INFO: common: yaml file: config\config.yaml loaded successfully]
[2024-07-10 23:31:27,980: INFO: common: yaml file: params.yaml loaded successfully]
[2024-07-10 23:31:27,989: INFO: common: yaml file: schema.yaml loaded successfully]
[2024-07-10 23:31:27,992: INFO: common: created directory at: artifacts]
[2024-07-11 10:12:27,592: INFO: common: yaml file: config\config.yaml loaded successfully]
[2024-07-11 10:12:27,725: INFO: common: yaml file: params.yaml loaded successfully]
[2024-07-11 10:12:27,793: INFO: common: yaml file: schema.yaml loaded successfully]
[2024-07-11 10:12:27,817: INFO: common: created directory at: artifacts]
[2024-07-11 10:14:07,722: INFO: common: yaml file: config\config.yaml loaded successfully]
[2024-07-11 10:14:07,730: INFO: common: yaml file: params.yaml loaded successfully]
[2024-07-11 10:14:07,738: INFO: common: yaml file: schema.yaml loaded successfully]
[2024-07-11 10:14:07,746: INFO: common: created directory at: artifacts]
[2024-07-11 10:27:41,148: INFO: common: yaml file: config\config.yaml loaded successfully]
[2024-07-11 10:27:41,172: INFO: common: yaml file: params.yaml loaded successfully]
[2024-07-11 10:27:41,196: INFO: common: yaml file: schema.yaml loaded successfully]
[2024-07-11 10:27:41,204: INFO: common: created directory at: artifacts]
[2024-07-11 10:30:06,255: INFO: main: >>>>> stage Data Ingestion stage started <<<<<]
[2024-07-11 10:30:06,286: INFO: common: yaml file: config\config.yaml loaded successfully]
[2024-07-11 10:30:06,286: INFO: common: yaml file: params.yaml loaded successfully]
[2024-07-11 10:30:06,301: INFO: common: yaml file: schema.yaml loaded successfully]
[2024-07-11 10:30:06,301: INFO: common: created directory at: artifacts]
[2024-07-11 10:30:06,301: INFO: common: created directory at: artifacts/data_ingestion]
[2024-07-11 10:30:10,374: INFO: data_ingestion: artifacts/data_ingestion/data.zip download! with following info: 
Connection: close
Content-Length: 23329
Cache-Control: max-age=300
Content-Security-Policy: default-src 'none'; style-src 'unsafe-inline'; sandbox
Content-Type: application/zip
ETag: "c69888a4ae59bc5a893392785a938ccd4937981c06ba8a9d6a21aa52b4ab5b6e"
Strict-Transport-Security: max-age=31536000
X-Content-Type-Options: nosniff
X-Frame-Options: deny
X-XSS-Protection: 1; mode=block
X-GitHub-Request-Id: D23C:D88C7:4AAEF5:62D09D:668F66DA
Accept-Ranges: bytes
Date: Thu, 11 Jul 2024 05:00:10 GMT
Via: 1.1 varnish
X-Served-By: cache-hyd1100027-HYD
X-Cache: MISS
X-Cache-Hits: 0
X-Timer: S1720674011.563008,VS0,VE312
Vary: Authorization,Accept-Encoding,Origin
Access-Control-Allow-Origin: *
Cross-Origin-Resource-Policy: cross-origin
X-Fastly-Request-ID: 082e1648a299306d83c532201c5cb09d0b0d23c3
Expires: Thu, 11 Jul 2024 05:05:10 GMT
Source-Age: 0

]
[2024-07-11 10:30:10,499: INFO: main: >>>>> stage Data Ingestion stage completed <<<<<

x==========x]
[2024-07-11 10:30:10,499: INFO: main: >>>>> stage Data Validation stage started <<<<<]
[2024-07-11 10:30:10,530: INFO: common: yaml file: config\config.yaml loaded successfully]
[2024-07-11 10:30:10,530: INFO: common: yaml file: params.yaml loaded successfully]
[2024-07-11 10:30:10,546: INFO: common: yaml file: schema.yaml loaded successfully]
[2024-07-11 10:30:10,561: INFO: common: created directory at: artifacts]
[2024-07-11 10:30:10,561: INFO: common: created directory at: artifacts/data_validation]
[2024-07-11 10:30:10,655: INFO: main: >>>>> stage Data Validation stage completed <<<<<

x==========x]
[2024-07-11 10:30:10,655: INFO: main: >>>>> stage Data Transformation stage started <<<<<]
[2024-07-11 10:30:10,655: INFO: common: yaml file: config\config.yaml loaded successfully]
[2024-07-11 10:30:10,655: INFO: common: yaml file: params.yaml loaded successfully]
[2024-07-11 10:30:10,686: INFO: common: yaml file: schema.yaml loaded successfully]
[2024-07-11 10:30:10,686: INFO: common: created directory at: artifacts]
[2024-07-11 10:30:10,686: INFO: common: created directory at: artifacts/data_transformation]
[2024-07-11 10:30:10,889: INFO: data_transformation: splited data into train and test sets]
[2024-07-11 10:30:10,889: INFO: data_transformation: (1199, 12)]
[2024-07-11 10:30:10,889: INFO: data_transformation: (400, 12)]
[2024-07-11 10:30:10,936: INFO: main: >>>>> stage Data Transformation stage completed <<<<<

x==========x]
[2024-07-11 10:30:10,936: INFO: main: >>>>> stage Model Training stage started <<<<<]
[2024-07-11 10:30:10,968: INFO: common: yaml file: config\config.yaml loaded successfully]
[2024-07-11 10:30:10,968: INFO: common: yaml file: params.yaml loaded successfully]
[2024-07-11 10:30:10,999: INFO: common: yaml file: schema.yaml loaded successfully]
[2024-07-11 10:30:10,999: INFO: common: created directory at: artifacts]
[2024-07-11 10:30:10,999: INFO: common: created directory at: artifacts/model_trainer]
[2024-07-11 10:30:11,331: INFO: main: >>>>> stage Model Training stage completed <<<<<

x==========x]
[2024-07-11 10:30:47,251: INFO: common: yaml file: config\config.yaml loaded successfully]
[2024-07-11 10:30:47,267: INFO: common: yaml file: params.yaml loaded successfully]
[2024-07-11 10:30:47,292: INFO: common: yaml file: schema.yaml loaded successfully]
[2024-07-11 10:30:47,300: INFO: common: created directory at: artifacts]
[2024-07-11 10:35:42,517: INFO: common: yaml file: config\config.yaml loaded successfully]
[2024-07-11 10:35:42,525: INFO: common: yaml file: params.yaml loaded successfully]
[2024-07-11 10:35:42,533: INFO: common: yaml file: schema.yaml loaded successfully]
[2024-07-11 10:35:42,541: INFO: common: created directory at: artifacts]
[2024-07-11 10:40:47,248: INFO: common: yaml file: config\config.yaml loaded successfully]
[2024-07-11 10:40:47,248: INFO: common: yaml file: params.yaml loaded successfully]
[2024-07-11 10:40:47,256: INFO: common: yaml file: schema.yaml loaded successfully]
[2024-07-11 10:40:47,264: INFO: common: created directory at: artifacts]
[2024-07-11 10:43:48,185: INFO: common: yaml file: config\config.yaml loaded successfully]
[2024-07-11 10:43:48,185: INFO: common: yaml file: params.yaml loaded successfully]
[2024-07-11 10:43:48,201: INFO: common: yaml file: schema.yaml loaded successfully]
[2024-07-11 10:43:48,209: INFO: common: created directory at: artifacts]
[2024-07-11 10:43:48,217: INFO: common: created directory at: artifacts/model_evaluation]
[2024-07-11 10:43:48,914: INFO: common: json file saved at: artifacts\model_evaluation\metrics.json]
[2024-07-11 10:59:05,436: INFO: common: yaml file: config\config.yaml loaded successfully]
[2024-07-11 10:59:05,448: INFO: common: yaml file: params.yaml loaded successfully]
[2024-07-11 10:59:05,453: INFO: common: yaml file: schema.yaml loaded successfully]
[2024-07-11 10:59:05,455: INFO: common: created directory at: artifacts]
[2024-07-11 10:59:05,457: INFO: common: created directory at: artifacts/model_evaluation]
[2024-07-11 10:59:06,737: INFO: common: json file saved at: artifacts\model_evaluation\metrics.json]
[2024-07-11 11:19:28,769: INFO: main: >>>>> stage Data Ingestion stage started <<<<<]
[2024-07-11 11:19:28,778: INFO: common: yaml file: config\config.yaml loaded successfully]
[2024-07-11 11:19:28,780: INFO: common: yaml file: params.yaml loaded successfully]
[2024-07-11 11:19:28,783: INFO: common: yaml file: schema.yaml loaded successfully]
[2024-07-11 11:19:28,784: INFO: common: created directory at: artifacts]
[2024-07-11 11:19:28,785: INFO: common: created directory at: artifacts/data_ingestion]
[2024-07-11 11:19:32,369: INFO: data_ingestion: artifacts/data_ingestion/data.zip download! with following info: 
Connection: close
Content-Length: 23329
Cache-Control: max-age=300
Content-Security-Policy: default-src 'none'; style-src 'unsafe-inline'; sandbox
Content-Type: application/zip
ETag: "c69888a4ae59bc5a893392785a938ccd4937981c06ba8a9d6a21aa52b4ab5b6e"
Strict-Transport-Security: max-age=31536000
X-Content-Type-Options: nosniff
X-Frame-Options: deny
X-XSS-Protection: 1; mode=block
X-GitHub-Request-Id: D23C:D88C7:4AAEF5:62D09D:668F66DA
Accept-Ranges: bytes
Date: Thu, 11 Jul 2024 05:49:32 GMT
Via: 1.1 varnish
X-Served-By: cache-hyd1100020-HYD
X-Cache: HIT
X-Cache-Hits: 0
X-Timer: S1720676972.066221,VS0,VE282
Vary: Authorization,Accept-Encoding,Origin
Access-Control-Allow-Origin: *
Cross-Origin-Resource-Policy: cross-origin
X-Fastly-Request-ID: f821697c84a730acd02c899f443ccbb9aaa28eb2
Expires: Thu, 11 Jul 2024 05:54:32 GMT
Source-Age: 0

]
[2024-07-11 11:19:32,384: INFO: main: >>>>> stage Data Ingestion stage completed <<<<<

x==========x]
[2024-07-11 11:19:32,385: INFO: main: >>>>> stage Data Validation stage started <<<<<]
[2024-07-11 11:19:32,386: INFO: common: yaml file: config\config.yaml loaded successfully]
[2024-07-11 11:19:32,393: INFO: common: yaml file: params.yaml loaded successfully]
[2024-07-11 11:19:32,396: INFO: common: yaml file: schema.yaml loaded successfully]
[2024-07-11 11:19:32,397: INFO: common: created directory at: artifacts]
[2024-07-11 11:19:32,397: INFO: common: created directory at: artifacts/data_validation]
[2024-07-11 11:19:32,419: INFO: main: >>>>> stage Data Validation stage completed <<<<<

x==========x]
[2024-07-11 11:19:32,419: INFO: main: >>>>> stage Data Transformation stage started <<<<<]
[2024-07-11 11:19:32,436: INFO: common: yaml file: config\config.yaml loaded successfully]
[2024-07-11 11:19:32,436: INFO: common: yaml file: params.yaml loaded successfully]
[2024-07-11 11:19:32,449: INFO: common: yaml file: schema.yaml loaded successfully]
[2024-07-11 11:19:32,451: INFO: common: created directory at: artifacts]
[2024-07-11 11:19:32,453: INFO: common: created directory at: artifacts/data_transformation]
[2024-07-11 11:19:32,502: INFO: data_transformation: splited data into train and test sets]
[2024-07-11 11:19:32,502: INFO: data_transformation: (1199, 12)]
[2024-07-11 11:19:32,502: INFO: data_transformation: (400, 12)]
[2024-07-11 11:19:32,502: INFO: main: >>>>> stage Data Transformation stage completed <<<<<

x==========x]
[2024-07-11 11:19:32,502: INFO: main: >>>>> stage Model Training stage started <<<<<]
[2024-07-11 11:19:32,515: INFO: common: yaml file: config\config.yaml loaded successfully]
[2024-07-11 11:19:32,518: INFO: common: yaml file: params.yaml loaded successfully]
[2024-07-11 11:19:32,519: INFO: common: yaml file: schema.yaml loaded successfully]
[2024-07-11 11:19:32,519: INFO: common: created directory at: artifacts]
[2024-07-11 11:19:32,566: INFO: common: created directory at: artifacts/model_trainer]
[2024-07-11 11:19:32,704: INFO: main: >>>>> stage Model Training stage completed <<<<<

x==========x]
[2024-07-11 11:19:32,704: INFO: main: >>>>> stage Model Evaluation stage started <<<<<]
[2024-07-11 11:19:32,721: INFO: common: yaml file: config\config.yaml loaded successfully]
[2024-07-11 11:19:32,721: INFO: common: yaml file: params.yaml loaded successfully]
[2024-07-11 11:19:32,736: INFO: common: yaml file: schema.yaml loaded successfully]
[2024-07-11 11:19:32,736: INFO: common: created directory at: artifacts]
[2024-07-11 11:19:32,736: INFO: common: created directory at: artifacts/model_evaluation]
[2024-07-11 11:19:34,326: INFO: common: json file saved at: artifacts\model_evaluation\metrics.json]
[2024-07-11 11:19:41,616: INFO: main: >>>>> stage Model Evaluation stage completed <<<<<

x==========x]
